<?xml version="1.0" encoding="UTF-8"?>
<testsuite name="au.company.WeatherControllerTest" tests="1" skipped="0" failures="0" errors="0" timestamp="2019-06-02T11:23:45" hostname="Evas-MBP.gateway" time="0.001">
  <properties/>
  <testcase name="getTemperaturePerCity" classname="au.company.WeatherControllerTest" time="0.001"/>
  <system-out><![CDATA[]]></system-out>
  <system-err><![CDATA[]]></system-err>
</testsuite>
